TN:
SF:app/car.js
FN:13,(anonymous_0)
FN:22,(anonymous_1)
FN:26,(anonymous_2)
FN:34,(anonymous_3)
FN:38,(anonymous_4)
FN:42,(anonymous_5)
FNF:6
FNH:6
FNDA:1,(anonymous_0)
FNDA:2,(anonymous_1)
FNDA:1,(anonymous_2)
FNDA:4,(anonymous_3)
FNDA:8,(anonymous_4)
FNDA:2,(anonymous_5)
DA:2,1
DA:3,1
DA:4,1
DA:5,1
DA:6,1
DA:7,1
DA:8,1
DA:9,1
DA:10,1
DA:11,1
DA:14,1
DA:15,1
DA:16,1
DA:17,1
DA:18,1
DA:19,1
DA:23,2
DA:27,1
DA:28,1
DA:30,0
DA:35,4
DA:39,8
DA:43,2
DA:44,2
DA:45,2
DA:46,2
DA:48,0
DA:49,0
DA:54,1
LF:29
LH:26
BRDA:27,0,0,1
BRDA:27,0,1,0
BRDA:44,1,0,2
BRDA:44,1,1,0
BRF:4
BRH:2
end_of_record
